<?xml version="1.0" encoding="UTF-8"?>
<coverage generated="1675777181301" clover="3.2.0">
  <project timestamp="1675777181301" name="All files">
    <metrics statements="32" coveredstatements="31" conditionals="11" coveredconditionals="10" methods="8" coveredmethods="7" elements="51" coveredelements="48" complexity="0" loc="32" ncloc="32" packages="1" files="4" classes="4"/>
    <file name="compare.js" path="/home/pepedrizzle/frontend-project-46/src/compare.js">
      <metrics statements="9" coveredstatements="9" conditionals="6" coveredconditionals="6" methods="3" coveredmethods="3"/>
      <line num="3" count="9" type="stmt"/>
      <line num="5" count="1" type="stmt"/>
      <line num="6" count="1" type="stmt"/>
      <line num="11" count="1" type="stmt"/>
      <line num="13" count="1" type="stmt"/>
      <line num="15" count="5" type="cond" truecount="2" falsecount="0"/>
      <line num="17" count="4" type="cond" truecount="2" falsecount="0"/>
      <line num="19" count="2" type="cond" truecount="2" falsecount="0"/>
      <line num="21" count="1" type="stmt"/>
    </file>
    <file name="formatting.js" path="/home/pepedrizzle/frontend-project-46/src/formatting.js">
      <metrics statements="13" coveredstatements="12" conditionals="5" coveredconditionals="4" methods="2" coveredmethods="2"/>
      <line num="1" count="1" type="stmt"/>
      <line num="3" count="5" type="cond" truecount="4" falsecount="1"/>
      <line num="5" count="2" type="stmt"/>
      <line num="6" count="2" type="stmt"/>
      <line num="8" count="1" type="stmt"/>
      <line num="9" count="1" type="stmt"/>
      <line num="11" count="1" type="stmt"/>
      <line num="12" count="1" type="stmt"/>
      <line num="13" count="1" type="stmt"/>
      <line num="15" count="1" type="stmt"/>
      <line num="16" count="1" type="stmt"/>
      <line num="18" count="0" type="stmt"/>
      <line num="20" count="5" type="stmt"/>
    </file>
    <file name="index.js" path="/home/pepedrizzle/frontend-project-46/src/index.js">
      <metrics statements="8" coveredstatements="8" conditionals="0" coveredconditionals="0" methods="1" coveredmethods="1"/>
      <line num="5" count="1" type="stmt"/>
      <line num="6" count="1" type="stmt"/>
      <line num="7" count="1" type="stmt"/>
      <line num="9" count="1" type="stmt"/>
      <line num="10" count="1" type="stmt"/>
      <line num="12" count="1" type="stmt"/>
      <line num="13" count="1" type="stmt"/>
      <line num="15" count="1" type="stmt"/>
    </file>
    <file name="reading.js" path="/home/pepedrizzle/frontend-project-46/src/reading.js">
      <metrics statements="2" coveredstatements="2" conditionals="0" coveredconditionals="0" methods="2" coveredmethods="1"/>
      <line num="4" count="1" type="stmt"/>
      <line num="6" count="2" type="stmt"/>
    </file>
  </project>
</coverage>
