{"/home/pepedrizzle/frontend-project-46/src/compare.js": {"path":"/home/pepedrizzle/frontend-project-46/src/compare.js","statementMap":{"0":{"start":{"line":3,"column":22},"end":{"line":3,"column":88}},"1":{"start":{"line":3,"column":39},"end":{"line":3,"column":88}},"2":{"start":{"line":5,"column":23},"end":{"line":28,"column":1}},"3":{"start":{"line":6,"column":21},"end":{"line":9,"column":4}},"4":{"start":{"line":11,"column":17},"end":{"line":11,"column":42}},"5":{"start":{"line":13,"column":2},"end":{"line":27,"column":7}},"6":{"start":{"line":15,"column":6},"end":{"line":15,"column":97}},"7":{"start":{"line":15,"column":40},"end":{"line":15,"column":97}},"8":{"start":{"line":17,"column":6},"end":{"line":17,"column":99}},"9":{"start":{"line":17,"column":40},"end":{"line":17,"column":99}},"10":{"start":{"line":19,"column":6},"end":{"line":19,"column":102}},"11":{"start":{"line":19,"column":41},"end":{"line":19,"column":102}},"12":{"start":{"line":21,"column":6},"end":{"line":26,"column":8}}},"fnMap":{"0":{"name":"(anonymous_0)","decl":{"start":{"line":3,"column":22},"end":{"line":3,"column":23}},"loc":{"start":{"line":3,"column":39},"end":{"line":3,"column":88}},"line":3},"1":{"name":"(anonymous_1)","decl":{"start":{"line":5,"column":23},"end":{"line":5,"column":24}},"loc":{"start":{"line":5,"column":45},"end":{"line":28,"column":1}},"line":5},"2":{"name":"(anonymous_2)","decl":{"start":{"line":14,"column":9},"end":{"line":14,"column":10}},"loc":{"start":{"line":14,"column":18},"end":{"line":27,"column":5}},"line":14}},"branchMap":{"0":{"loc":{"start":{"line":15,"column":6},"end":{"line":15,"column":97}},"type":"if","locations":[{"start":{"line":15,"column":6},"end":{"line":15,"column":97}},{"start":{},"end":{}}],"line":15},"1":{"loc":{"start":{"line":17,"column":6},"end":{"line":17,"column":99}},"type":"if","locations":[{"start":{"line":17,"column":6},"end":{"line":17,"column":99}},{"start":{},"end":{}}],"line":17},"2":{"loc":{"start":{"line":19,"column":6},"end":{"line":19,"column":102}},"type":"if","locations":[{"start":{"line":19,"column":6},"end":{"line":19,"column":102}},{"start":{},"end":{}}],"line":19}},"s":{"0":1,"1":9,"2":1,"3":1,"4":1,"5":1,"6":5,"7":1,"8":4,"9":2,"10":2,"11":1,"12":1},"f":{"0":9,"1":1,"2":5},"b":{"0":[1,4],"1":[2,2],"2":[1,1]},"_coverageSchema":"1a1c01bbd47fc00a2c39e90264f33305004495a9","hash":"83f22868b2c6b5b60f06d5edb6f305281a03e957"}
,"/home/pepedrizzle/frontend-project-46/src/formatting.js": {"path":"/home/pepedrizzle/frontend-project-46/src/formatting.js","statementMap":{"0":{"start":{"line":1,"column":15},"end":{"line":21,"column":8}},"1":{"start":{"line":1,"column":24},"end":{"line":21,"column":8}},"2":{"start":{"line":3,"column":4},"end":{"line":19,"column":5}},"3":{"start":{"line":5,"column":8},"end":{"line":5,"column":49}},"4":{"start":{"line":6,"column":8},"end":{"line":6,"column":14}},"5":{"start":{"line":8,"column":8},"end":{"line":8,"column":49}},"6":{"start":{"line":9,"column":8},"end":{"line":9,"column":14}},"7":{"start":{"line":11,"column":8},"end":{"line":11,"column":52}},"8":{"start":{"line":12,"column":8},"end":{"line":12,"column":52}},"9":{"start":{"line":13,"column":8},"end":{"line":13,"column":14}},"10":{"start":{"line":15,"column":8},"end":{"line":15,"column":47}},"11":{"start":{"line":16,"column":8},"end":{"line":16,"column":14}},"12":{"start":{"line":18,"column":8},"end":{"line":18,"column":14}},"13":{"start":{"line":20,"column":4},"end":{"line":20,"column":15}}},"fnMap":{"0":{"name":"(anonymous_0)","decl":{"start":{"line":1,"column":15},"end":{"line":1,"column":16}},"loc":{"start":{"line":1,"column":24},"end":{"line":21,"column":8}},"line":1},"1":{"name":"(anonymous_1)","decl":{"start":{"line":2,"column":10},"end":{"line":2,"column":11}},"loc":{"start":{"line":2,"column":25},"end":{"line":21,"column":3}},"line":2}},"branchMap":{"0":{"loc":{"start":{"line":3,"column":4},"end":{"line":19,"column":5}},"type":"switch","locations":[{"start":{"line":4,"column":6},"end":{"line":6,"column":14}},{"start":{"line":7,"column":6},"end":{"line":9,"column":14}},{"start":{"line":10,"column":6},"end":{"line":13,"column":14}},{"start":{"line":14,"column":6},"end":{"line":16,"column":14}},{"start":{"line":17,"column":6},"end":{"line":18,"column":14}}],"line":3}},"s":{"0":1,"1":1,"2":5,"3":2,"4":2,"5":1,"6":1,"7":1,"8":1,"9":1,"10":1,"11":1,"12":0,"13":5},"f":{"0":1,"1":5},"b":{"0":[2,1,1,1,0]},"_coverageSchema":"1a1c01bbd47fc00a2c39e90264f33305004495a9","hash":"8194014895f10448f029f4b080ca34e8f0ac233d"}
,"/home/pepedrizzle/frontend-project-46/src/index.js": {"path":"/home/pepedrizzle/frontend-project-46/src/index.js","statementMap":{"0":{"start":{"line":5,"column":16},"end":{"line":16,"column":1}},"1":{"start":{"line":6,"column":16},"end":{"line":6,"column":35}},"2":{"start":{"line":7,"column":16},"end":{"line":7,"column":35}},"3":{"start":{"line":9,"column":18},"end":{"line":9,"column":35}},"4":{"start":{"line":10,"column":18},"end":{"line":10,"column":35}},"5":{"start":{"line":12,"column":14},"end":{"line":12,"column":46}},"6":{"start":{"line":13,"column":14},"end":{"line":13,"column":25}},"7":{"start":{"line":15,"column":2},"end":{"line":15,"column":13}}},"fnMap":{"0":{"name":"(anonymous_0)","decl":{"start":{"line":5,"column":16},"end":{"line":5,"column":17}},"loc":{"start":{"line":5,"column":42},"end":{"line":16,"column":1}},"line":5}},"branchMap":{},"s":{"0":1,"1":1,"2":1,"3":1,"4":1,"5":1,"6":1,"7":1},"f":{"0":1},"b":{},"_coverageSchema":"1a1c01bbd47fc00a2c39e90264f33305004495a9","hash":"ffad2276d721879004a8bacea20bc5e3e88d1197"}
,"/home/pepedrizzle/frontend-project-46/src/reading.js": {"path":"/home/pepedrizzle/frontend-project-46/src/reading.js","statementMap":{"0":{"start":{"line":4,"column":28},"end":{"line":4,"column":73}},"1":{"start":{"line":4,"column":42},"end":{"line":4,"column":73}},"2":{"start":{"line":6,"column":24},"end":{"line":6,"column":85}},"3":{"start":{"line":6,"column":38},"end":{"line":6,"column":85}}},"fnMap":{"0":{"name":"(anonymous_0)","decl":{"start":{"line":4,"column":28},"end":{"line":4,"column":29}},"loc":{"start":{"line":4,"column":42},"end":{"line":4,"column":73}},"line":4},"1":{"name":"(anonymous_1)","decl":{"start":{"line":6,"column":24},"end":{"line":6,"column":25}},"loc":{"start":{"line":6,"column":38},"end":{"line":6,"column":85}},"line":6}},"branchMap":{},"s":{"0":1,"1":0,"2":1,"3":2},"f":{"0":0,"1":2},"b":{},"_coverageSchema":"1a1c01bbd47fc00a2c39e90264f33305004495a9","hash":"636fcf9b3d99ac18be1b99c73ee73975359f4c17"}
}
