TN:
SF:src/compare.js
FN:3,isContainsKey
FN:5,compareObjects
FNF:2
FNH:2
FNDA:9,isContainsKey
FNDA:1,compareObjects
DA:1,1
DA:2,1
DA:3,1
DA:4,1
DA:5,1
DA:6,1
DA:7,1
DA:8,1
DA:9,1
DA:10,1
DA:11,1
DA:12,1
DA:13,1
DA:14,1
DA:15,5
DA:16,4
DA:17,5
DA:18,2
DA:19,5
DA:20,1
DA:21,1
DA:22,1
DA:23,1
DA:24,1
DA:25,1
DA:26,1
DA:27,1
DA:28,1
DA:29,1
DA:30,1
LF:30
LH:30
BRDA:3,0,0,9
BRDA:5,1,0,1
BRDA:14,2,0,5
BRDA:15,3,0,1
BRDA:15,4,0,4
BRDA:17,5,0,2
BRDA:19,6,0,1
BRF:7
BRH:7
end_of_record
TN:
SF:src/formatting.js
FN:1,format
FNF:1
FNH:1
FNDA:1,format
DA:1,1
DA:2,1
DA:3,5
DA:4,5
DA:5,2
DA:6,2
DA:7,5
DA:8,1
DA:9,1
DA:10,5
DA:11,1
DA:12,1
DA:13,1
DA:14,5
DA:15,1
DA:16,1
DA:17,5
DA:18,0
DA:19,5
DA:20,5
DA:21,1
DA:22,1
DA:23,1
LF:23
LH:22
BRDA:1,0,0,1
BRDA:2,1,0,5
BRDA:4,2,0,2
BRDA:7,3,0,1
BRDA:10,4,0,1
BRDA:14,5,0,1
BRDA:17,6,0,0
BRF:7
BRH:6
end_of_record
TN:
SF:src/index.js
FN:5,genDiff
FNF:1
FNH:1
FNDA:1,genDiff
DA:1,1
DA:2,1
DA:3,1
DA:4,1
DA:5,1
DA:6,1
DA:7,1
DA:8,1
DA:9,1
DA:10,1
DA:11,1
DA:12,1
DA:13,1
DA:14,1
DA:15,1
DA:16,1
DA:17,1
DA:18,1
LF:18
LH:18
BRDA:5,0,0,1
BRF:1
BRH:1
end_of_record
TN:
SF:src/reading.js
FN:4,getExtension
FN:6,readFile
FNF:2
FNH:1
FNDA:0,getExtension
FNDA:2,readFile
DA:1,1
DA:2,1
DA:3,1
DA:4,1
DA:5,1
DA:6,1
LF:6
LH:6
BRDA:6,0,0,2
BRF:1
BRH:1
end_of_record
