TN:
SF:src/compare.js
FN:3,(anonymous_0)
FN:5,(anonymous_1)
FN:14,(anonymous_2)
FNF:3
FNH:3
FNDA:9,(anonymous_0)
FNDA:1,(anonymous_1)
FNDA:5,(anonymous_2)
DA:3,9
DA:5,1
DA:6,1
DA:11,1
DA:13,1
DA:15,5
DA:17,4
DA:19,2
DA:21,1
LF:9
LH:9
BRDA:15,0,0,1
BRDA:15,0,1,4
BRDA:17,1,0,2
BRDA:17,1,1,2
BRDA:19,2,0,1
BRDA:19,2,1,1
BRF:6
BRH:6
end_of_record
TN:
SF:src/formatting.js
FN:1,(anonymous_0)
FN:2,(anonymous_1)
FNF:2
FNH:2
FNDA:1,(anonymous_0)
FNDA:5,(anonymous_1)
DA:1,1
DA:3,5
DA:5,2
DA:6,2
DA:8,1
DA:9,1
DA:11,1
DA:12,1
DA:13,1
DA:15,1
DA:16,1
DA:18,0
DA:20,5
LF:13
LH:12
BRDA:3,0,0,2
BRDA:3,0,1,1
BRDA:3,0,2,1
BRDA:3,0,3,1
BRDA:3,0,4,0
BRF:5
BRH:4
end_of_record
TN:
SF:src/index.js
FN:5,(anonymous_0)
FNF:1
FNH:1
FNDA:1,(anonymous_0)
DA:5,1
DA:6,1
DA:7,1
DA:9,1
DA:10,1
DA:12,1
DA:13,1
DA:15,1
LF:8
LH:8
BRF:0
BRH:0
end_of_record
TN:
SF:src/reading.js
FN:4,(anonymous_0)
FN:6,(anonymous_1)
FNF:2
FNH:1
FNDA:0,(anonymous_0)
FNDA:2,(anonymous_1)
DA:4,1
DA:6,2
LF:2
LH:2
BRF:0
BRH:0
end_of_record
